<?xml version="1.0" encoding="UTF-8"?>
<testng-results ignored="0" total="1" passed="1" failed="0" skipped="0">
  <reporter-output>
  </reporter-output>
  <suite started-at="2024-02-26T11:15:54 IST" name="Default suite" finished-at="2024-02-26T11:15:58 IST" duration-ms="4620">
    <groups>
    </groups>
    <test started-at="2024-02-26T11:15:54 IST" name="Default test" finished-at="2024-02-26T11:15:58 IST" duration-ms="4620">
      <class name="pkg.KK">
        <test-method signature="test()[pri:0, instance:pkg.KK@6aba2b86]" started-at="2024-02-26T11:15:54 IST" name="test" finished-at="2024-02-26T11:15:58 IST" duration-ms="4562" status="PASS">
          <reporter-output>
          </reporter-output>
        </test-method> <!-- test -->
      </class> <!-- pkg.KK -->
    </test> <!-- Default test -->
  </suite> <!-- Default suite -->
</testng-results>
